Library/Bee/Android/Prj/Mono2x/Gradle/launcher/build/intermediates/manifest_merge_blame_file/release/manifest-merger-blame-release-report.txt
1<?xml version="1.0" encoding="utf-8"?>
2<manifest xmlns:android="http://schemas.android.com/apk/res/android"
3    package="com.DefaultCompany.PruebaVR"
4    android:installLocation="preferExternal"
5    android:versionCode="1"
6    android:versionName="0.1" >
7
8    <uses-sdk
9        android:minSdkVersion="23"
9-->src\main\AndroidManifest.xml
10        android:targetSdkVersion="35" />
10-->src\main\AndroidManifest.xml
11
12    <supports-screens
12-->src\main\AndroidManifest.xml:4:3-163
13        android:anyDensity="true"
13-->src\main\AndroidManifest.xml:4:135-160
14        android:largeScreens="true"
14-->src\main\AndroidManifest.xml:4:78-105
15        android:normalScreens="true"
15-->src\main\AndroidManifest.xml:4:49-77
16        android:smallScreens="true"
16-->src\main\AndroidManifest.xml:4:21-48
17        android:xlargeScreens="true" />
17-->src\main\AndroidManifest.xml:4:106-134
18
19    <uses-permission android:name="android.permission.CAMERA" />
19-->[:unityLibrary] AndroidManifest.xml:8:5-65
19-->[:unityLibrary] AndroidManifest.xml:8:22-62
20
21    <uses-feature android:glEsVersion="0x00030000" />
21-->[:unityLibrary] AndroidManifest.xml:10:5-54
21-->[:unityLibrary] AndroidManifest.xml:10:19-51
22    <uses-feature
22-->[:unityLibrary] AndroidManifest.xml:11:5-13:36
23        android:name="android.hardware.vulkan.version"
23-->[:unityLibrary] AndroidManifest.xml:12:9-55
24        android:required="false" />
24-->[:unityLibrary] AndroidManifest.xml:13:9-33
25    <uses-feature
25-->[:unityLibrary] AndroidManifest.xml:14:5-16:36
26        android:name="android.hardware.camera"
26-->[:unityLibrary] AndroidManifest.xml:15:9-47
27        android:required="true" />
27-->[:unityLibrary] AndroidManifest.xml:16:9-33
28    <uses-feature
28-->[:unityLibrary] AndroidManifest.xml:17:5-19:36
29        android:name="android.hardware.camera.autofocus"
29-->[:unityLibrary] AndroidManifest.xml:18:9-57
30        android:required="false" />
30-->[:unityLibrary] AndroidManifest.xml:19:9-33
31    <uses-feature
31-->[:unityLibrary] AndroidManifest.xml:20:5-22:36
32        android:name="android.hardware.camera.front"
32-->[:unityLibrary] AndroidManifest.xml:21:9-53
33        android:required="false" />
33-->[:unityLibrary] AndroidManifest.xml:22:9-33
34    <uses-feature
34-->[:unityLibrary] AndroidManifest.xml:23:5-25:36
35        android:name="android.hardware.touchscreen"
35-->[:unityLibrary] AndroidManifest.xml:24:9-52
36        android:required="false" />
36-->[:unityLibrary] AndroidManifest.xml:25:9-33
37    <uses-feature
37-->[:unityLibrary] AndroidManifest.xml:26:5-28:36
38        android:name="android.hardware.touchscreen.multitouch"
38-->[:unityLibrary] AndroidManifest.xml:27:9-63
39        android:required="false" />
39-->[:unityLibrary] AndroidManifest.xml:28:9-33
40    <uses-feature
40-->[:unityLibrary] AndroidManifest.xml:29:5-31:36
41        android:name="android.hardware.touchscreen.multitouch.distinct"
41-->[:unityLibrary] AndroidManifest.xml:30:9-72
42        android:required="false" />
42-->[:unityLibrary] AndroidManifest.xml:31:9-33
43    <!--
44        Required by Vuforia: Add this permission to access IMU sensors at high rate
45        for device tracker functionality on Android 12+.
46    -->
47    <uses-permission android:name="android.permission.HIGH_SAMPLING_RATE_SENSORS" /> <!-- Required by Vuforia: Add this permission to allow checking of network. -->
47-->[:VuforiaEngine:] AndroidManifest.xml:16:5-85
47-->[:VuforiaEngine:] AndroidManifest.xml:16:22-82
48    <uses-permission android:name="android.permission.ACCESS_NETWORK_STATE" /> <!-- Required by Vuforia: Add this permission to allow opening network sockets. -->
48-->[:VuforiaEngine:] AndroidManifest.xml:19:5-79
48-->[:VuforiaEngine:] AndroidManifest.xml:19:22-76
49    <uses-permission android:name="android.permission.INTERNET" />
49-->[:VuforiaEngine:] AndroidManifest.xml:22:5-67
49-->[:VuforiaEngine:] AndroidManifest.xml:22:22-64
50
51    <application
51-->src\main\AndroidManifest.xml:3:3-83
52        android:extractNativeLibs="true"
52-->[:unityLibrary] AndroidManifest.xml:33:18-50
53        android:icon="@mipmap/app_icon"
53-->src\main\AndroidManifest.xml:3:49-80
54        android:label="@string/app_name" >
54-->src\main\AndroidManifest.xml:3:16-48
55        <meta-data
55-->[:unityLibrary] AndroidManifest.xml:34:9-36:33
56            android:name="unity.splash-mode"
56-->[:unityLibrary] AndroidManifest.xml:35:13-45
57            android:value="0" />
57-->[:unityLibrary] AndroidManifest.xml:36:13-30
58        <meta-data
58-->[:unityLibrary] AndroidManifest.xml:37:9-39:36
59            android:name="unity.splash-enable"
59-->[:unityLibrary] AndroidManifest.xml:38:13-47
60            android:value="True" />
60-->[:unityLibrary] AndroidManifest.xml:39:13-33
61        <meta-data
61-->[:unityLibrary] AndroidManifest.xml:40:9-42:36
62            android:name="unity.launch-fullscreen"
62-->[:unityLibrary] AndroidManifest.xml:41:13-51
63            android:value="True" />
63-->[:unityLibrary] AndroidManifest.xml:42:13-33
64        <meta-data
64-->[:unityLibrary] AndroidManifest.xml:43:9-45:36
65            android:name="unity.render-outside-safearea"
65-->[:unityLibrary] AndroidManifest.xml:44:13-57
66            android:value="True" />
66-->[:unityLibrary] AndroidManifest.xml:45:13-33
67        <meta-data
67-->[:unityLibrary] AndroidManifest.xml:46:9-48:50
68            android:name="notch.config"
68-->[:unityLibrary] AndroidManifest.xml:47:13-40
69            android:value="portrait|landscape" />
69-->[:unityLibrary] AndroidManifest.xml:48:13-47
70        <meta-data
70-->[:unityLibrary] AndroidManifest.xml:49:9-51:36
71            android:name="unity.auto-report-fully-drawn"
71-->[:unityLibrary] AndroidManifest.xml:50:13-57
72            android:value="true" />
72-->[:unityLibrary] AndroidManifest.xml:51:13-33
73
74        <activity
74-->[:unityLibrary] AndroidManifest.xml:53:9-74:20
75            android:name="com.unity3d.player.UnityPlayerActivity"
75-->[:unityLibrary] AndroidManifest.xml:54:13-66
76            android:configChanges="mcc|mnc|locale|touchscreen|keyboard|keyboardHidden|navigation|orientation|screenLayout|uiMode|screenSize|smallestScreenSize|fontScale|layoutDirection|density"
76-->[:unityLibrary] AndroidManifest.xml:55:13-194
77            android:exported="true"
77-->[:unityLibrary] AndroidManifest.xml:56:13-36
78            android:hardwareAccelerated="false"
78-->[:unityLibrary] AndroidManifest.xml:57:13-48
79            android:launchMode="singleTask"
79-->[:unityLibrary] AndroidManifest.xml:58:13-44
80            android:resizeableActivity="false"
80-->[:unityLibrary] AndroidManifest.xml:59:13-47
81            android:screenOrientation="fullUser"
81-->[:unityLibrary] AndroidManifest.xml:60:13-49
82            android:theme="@style/UnityThemeSelector" >
82-->[:unityLibrary] AndroidManifest.xml:61:13-54
83            <intent-filter>
83-->[:unityLibrary] AndroidManifest.xml:62:13-66:29
84                <category android:name="android.intent.category.LAUNCHER" />
84-->[:unityLibrary] AndroidManifest.xml:63:17-77
84-->[:unityLibrary] AndroidManifest.xml:63:27-74
85
86                <action android:name="android.intent.action.MAIN" />
86-->[:unityLibrary] AndroidManifest.xml:65:17-69
86-->[:unityLibrary] AndroidManifest.xml:65:25-66
87            </intent-filter>
88
89            <meta-data
89-->[:unityLibrary] AndroidManifest.xml:68:13-70:40
90                android:name="unityplayer.UnityActivity"
90-->[:unityLibrary] AndroidManifest.xml:69:17-57
91                android:value="true" />
91-->[:unityLibrary] AndroidManifest.xml:70:17-37
92            <meta-data
92-->[:unityLibrary] AndroidManifest.xml:71:13-73:40
93                android:name="notch_support"
93-->[:unityLibrary] AndroidManifest.xml:72:17-45
94                android:value="true" />
94-->[:unityLibrary] AndroidManifest.xml:73:17-37
95        </activity>
96
97        <meta-data
97-->[:unityLibrary] AndroidManifest.xml:76:9-78:40
98            android:name="com.google.ar.core"
98-->[:unityLibrary] AndroidManifest.xml:77:13-46
99            android:value="optional" />
99-->[:unityLibrary] AndroidManifest.xml:78:13-37
100
101        <provider
101-->[:VuforiaEngine:] AndroidManifest.xml:25:9-33:20
102            android:name="com.vuforia.engine.app.VuforiaContentProvider"
102-->[:VuforiaEngine:] AndroidManifest.xml:26:13-73
103            android:authorities="com.DefaultCompany.PruebaVR.vuforia.share"
103-->[:VuforiaEngine:] AndroidManifest.xml:27:13-65
104            android:exported="false"
104-->[:VuforiaEngine:] AndroidManifest.xml:28:13-37
105            android:grantUriPermissions="true" >
105-->[:VuforiaEngine:] AndroidManifest.xml:29:13-47
106            <meta-data
106-->[:VuforiaEngine:] AndroidManifest.xml:30:13-32:53
107                android:name="android.support.FILE_PROVIDER_PATHS"
107-->[:VuforiaEngine:] AndroidManifest.xml:31:17-67
108                android:resource="@xml/filepaths" />
108-->[:VuforiaEngine:] AndroidManifest.xml:32:17-50
109        </provider>
110    </application>
111
112</manifest>